<?xml version="1.0" encoding="UTF-8"?>
<testng-results skipped="0" failed="0" ignored="0" total="1" passed="1">
  <reporter-output>
  </reporter-output>
  <suite name="InetBankingV1" duration-ms="37274" started-at="2021-10-26T02:00:13 BST" finished-at="2021-10-26T02:00:50 BST">
    <groups>
    </groups>
    <test name="BankingApp Test" duration-ms="37274" started-at="2021-10-26T02:00:13 BST" finished-at="2021-10-26T02:00:50 BST">
      <class name="com.inetbanking.testCases.TC_logoutTest_002">
        <test-method status="PASS" signature="setUp(java.lang.String)[pri:0, instance:com.inetbanking.testCases.TC_logoutTest_002@6e1ec318]" name="setUp" is-config="true" duration-ms="19990" started-at="2021-10-26T02:00:14 BST" finished-at="2021-10-26T02:00:34 BST">
          <params>
            <param index="0">
              <value>
                <![CDATA[firefox]]>
              </value>
            </param>
          </params>
          <reporter-output>
          </reporter-output>
        </test-method> <!-- setUp -->
        <test-method status="PASS" signature="logoutTest()[pri:0, instance:com.inetbanking.testCases.TC_logoutTest_002@6e1ec318]" name="logoutTest" duration-ms="13736" started-at="2021-10-26T02:00:34 BST" finished-at="2021-10-26T02:00:47 BST">
          <reporter-output>
          </reporter-output>
        </test-method> <!-- logoutTest -->
        <test-method status="PASS" signature="tearDown()[pri:0, instance:com.inetbanking.testCases.TC_logoutTest_002@6e1ec318]" name="tearDown" is-config="true" duration-ms="2445" started-at="2021-10-26T02:00:47 BST" finished-at="2021-10-26T02:00:50 BST">
          <reporter-output>
          </reporter-output>
        </test-method> <!-- tearDown -->
      </class> <!-- com.inetbanking.testCases.TC_logoutTest_002 -->
    </test> <!-- BankingApp Test -->
  </suite> <!-- InetBankingV1 -->
</testng-results>
