<?xml version="1.0" encoding="UTF-8"?>
<testng-results skipped="0" failed="0" ignored="0" total="1" passed="1">
  <reporter-output>
  </reporter-output>
  <suite name="InetBankingV1" duration-ms="82886" started-at="2021-10-26T01:53:56 BST" finished-at="2021-10-26T01:55:19 BST">
    <groups>
    </groups>
    <test name="BankingApp Test" duration-ms="82886" started-at="2021-10-26T01:53:56 BST" finished-at="2021-10-26T01:55:19 BST">
      <class name="com.inetbanking.testCases.TC_logoutTest_002">
        <test-method status="PASS" signature="setUp(java.lang.String)[pri:0, instance:com.inetbanking.testCases.TC_logoutTest_002@5bcea91b]" name="setUp" is-config="true" duration-ms="55678" started-at="2021-10-26T01:53:57 BST" finished-at="2021-10-26T01:54:53 BST">
          <params>
            <param index="0">
              <value>
                <![CDATA[firefox]]>
              </value>
            </param>
          </params>
          <reporter-output>
          </reporter-output>
        </test-method> <!-- setUp -->
        <test-method status="PASS" signature="logoutTest()[pri:0, instance:com.inetbanking.testCases.TC_logoutTest_002@5bcea91b]" name="logoutTest" duration-ms="19579" started-at="2021-10-26T01:54:53 BST" finished-at="2021-10-26T01:55:13 BST">
          <reporter-output>
          </reporter-output>
        </test-method> <!-- logoutTest -->
        <test-method status="PASS" signature="tearDown()[pri:0, instance:com.inetbanking.testCases.TC_logoutTest_002@5bcea91b]" name="tearDown" is-config="true" duration-ms="6388" started-at="2021-10-26T01:55:13 BST" finished-at="2021-10-26T01:55:19 BST">
          <reporter-output>
          </reporter-output>
        </test-method> <!-- tearDown -->
      </class> <!-- com.inetbanking.testCases.TC_logoutTest_002 -->
    </test> <!-- BankingApp Test -->
  </suite> <!-- InetBankingV1 -->
</testng-results>
